#
# There is insufficient memory for the Java Runtime Environment to continue.
# Native memory allocation (malloc) failed to allocate 1531216 bytes for Chunk::new
# Possible reasons:
#   The system is out of physical RAM or swap space
#   In 32 bit mode, the process size limit was hit
# Possible solutions:
#   Reduce memory load on the system
#   Increase physical memory or swap space
#   Check if swap backing store is full
#   Use 64 bit Java on a 64 bit OS
#   Decrease Java heap size (-Xmx/-Xms)
#   Decrease number of Java threads
#   Decrease Java thread stack sizes (-Xss)
#   Set larger code cache with -XX:ReservedCodeCacheSize=
# This output file may be truncated or incomplete.
#
#  Out of Memory Error (allocation.cpp:390), pid=8940, tid=0x00000000000007d4
#
# JRE version: OpenJDK Runtime Environment (8.0_152-b01) (build 1.8.0_152-release-1343-b01)
# Java VM: OpenJDK 64-Bit Server VM (25.152-b01 mixed mode windows-amd64 compressed oops)
# Failed to write core dump. Minidumps are not enabled by default on client versions of Windows
#

---------------  T H R E A D  ---------------

Current thread (0x0000000014562000):  JavaThread "C2 CompilerThread1" daemon [_thread_in_native, id=2004, stack(0x0000000015cf0000,0x0000000015df0000)]

Stack: [0x0000000015cf0000,0x0000000015df0000]
[error occurred during error reporting (printing stack bounds), id 0xc0000005]

Native frames: (J=compiled Java code, j=interpreted, Vv=VM code, C=native code)


Current CompileTask:
C2: 475939 19096       4       com.google.gson.stream.JsonWriter::value (24 bytes)


---------------  P R O C E S S  ---------------

Java Threads: ( => current thread )
  0x000000001686e000 JavaThread "ForkJoinPool.commonPool-worker-1" daemon [_thread_blocked, id=10860, stack(0x000000002b510000,0x000000002b610000)]
  0x000000001686b800 JavaThread "Cache worker for execution history cache (C:\Users\desarrollo1\Desktop\AppPedidos\.gradle\5.1.1\executionHistory)" [_thread_blocked, id=3116, stack(0x000000002b410000,0x000000002b510000)]
  0x000000001686a000 JavaThread "Execution worker for ':' Thread 3" [_thread_blocked, id=8560, stack(0x000000002b310000,0x000000002b410000)]
  0x000000001842b000 JavaThread "Execution worker for ':' Thread 2" [_thread_blocked, id=10852, stack(0x000000002b210000,0x000000002b310000)]
  0x0000000018423800 JavaThread "Execution worker for ':'" [_thread_blocked, id=8508, stack(0x000000002b110000,0x000000002b210000)]
  0x0000000018428800 JavaThread "Cache worker for file content cache (C:\Users\desarrollo1\Desktop\AppPedidos\.gradle\5.1.1\fileContent)" [_thread_blocked, id=9832, stack(0x000000002b010000,0x000000002b110000)]
  0x0000000018425800 JavaThread "Cache worker for Build Output Cleanup Cache (C:\Users\desarrollo1\Desktop\AppPedidos\.gradle\buildOutputCleanup)" [_thread_blocked, id=7568, stack(0x000000002af10000,0x000000002b010000)]
  0x0000000018429800 JavaThread "pool-19-thread-1" [_thread_blocked, id=7688, stack(0x000000002ae10000,0x000000002af10000)]
  0x0000000018425000 JavaThread "Build operations Thread 4" [_thread_blocked, id=2336, stack(0x000000002ad10000,0x000000002ae10000)]
  0x0000000018428000 JavaThread "Build operations Thread 3" [_thread_blocked, id=6324, stack(0x000000002ac10000,0x000000002ad10000)]
  0x000000001842a000 JavaThread "Build operations Thread 2" [_thread_blocked, id=8112, stack(0x000000002ab10000,0x000000002ac10000)]
  0x0000000018426800 JavaThread "Build operations" [_thread_blocked, id=10512, stack(0x000000002aa10000,0x000000002ab10000)]
  0x0000000018424000 JavaThread "Cache worker for cache directory md-rule (C:\Users\desarrollo1\.gradle\caches\5.1.1\md-rule)" [_thread_blocked, id=640, stack(0x000000002a910000,0x000000002aa10000)]
  0x000000001841c000 JavaThread "Cache worker for cache directory md-supplier (C:\Users\desarrollo1\.gradle\caches\5.1.1\md-supplier)" [_thread_blocked, id=2092, stack(0x000000002a810000,0x000000002a910000)]
  0x0000000018422800 JavaThread "Cache worker for file hash cache (C:\Users\desarrollo1\Desktop\AppPedidos\.gradle\5.1.1\fileHashes)" [_thread_blocked, id=7708, stack(0x000000002a710000,0x000000002a810000)]
  0x0000000018420800 JavaThread "Thread-107" [_thread_blocked, id=9676, stack(0x000000002a610000,0x000000002a710000)]
  0x000000001841f800 JavaThread "Stdin handler" [_thread_blocked, id=2168, stack(0x000000002a510000,0x000000002a610000)]
  0x000000001841c800 JavaThread "Asynchronous log dispatcher for DefaultDaemonConnection: socket connection from /127.0.0.1:56189 to /127.0.0.1:56344" [_thread_blocked, id=4980, stack(0x000000002a410000,0x000000002a510000)]
  0x000000001841f000 JavaThread "Daemon worker Thread 4" [_thread_in_native, id=6396, stack(0x000000002a310000,0x000000002a410000)]
  0x0000000018421000 JavaThread "Cancel handler" [_thread_blocked, id=9760, stack(0x000000002a210000,0x000000002a310000)]
  0x000000001841e000 JavaThread "Handler for socket connection from /127.0.0.1:56189 to /127.0.0.1:56344" [_thread_in_native, id=9924, stack(0x000000002a110000,0x000000002a210000)]
  0x000000001841d800 JavaThread "Daemon Thread 4" [_thread_blocked, id=13220, stack(0x000000002a010000,0x000000002a110000)]
  0x000000001a8e5800 JavaThread "Cache worker for Java compile cache (C:\Users\desarrollo1\.gradle\caches\5.1.1\javaCompile)" [_thread_blocked, id=11216, stack(0x0000000025610000,0x0000000025710000)]
  0x000000001a8db800 JavaThread "Cache worker for file content cache (C:\Users\desarrollo1\.gradle\caches\5.1.1\fileContent)" [_thread_blocked, id=11688, stack(0x0000000021610000,0x0000000021710000)]
  0x000000001a8e2000 JavaThread "Memory manager" [_thread_blocked, id=9992, stack(0x0000000021510000,0x0000000021610000)]
  0x000000001a8e0000 JavaThread "Cache worker for execution history cache (C:\Users\desarrollo1\.gradle\caches\5.1.1\executionHistory)" [_thread_blocked, id=13308, stack(0x000000001e440000,0x000000001e540000)]
  0x0000000017555800 JavaThread "Cache worker for journal cache (C:\Users\desarrollo1\.gradle\caches\journal-1)" [_thread_blocked, id=5012, stack(0x000000001a060000,0x000000001a160000)]
  0x0000000017eb4800 JavaThread "File lock request listener" [_thread_in_native, id=4004, stack(0x0000000019f60000,0x000000001a060000)]
  0x0000000017c7f000 JavaThread "Cache worker for file hash cache (C:\Users\desarrollo1\.gradle\caches\5.1.1\fileHashes)" [_thread_blocked, id=9396, stack(0x0000000019e60000,0x0000000019f60000)]
  0x0000000017857000 JavaThread "Daemon periodic checks" [_thread_blocked, id=11636, stack(0x0000000019460000,0x0000000019560000)]
  0x00000000178a4000 JavaThread "Incoming local TCP Connector on port 56189" [_thread_in_native, id=1044, stack(0x0000000017cc0000,0x0000000017dc0000)]
  0x00000000145be000 JavaThread "Service Thread" daemon [_thread_blocked, id=9320, stack(0x00000000162f0000,0x00000000163f0000)]
  0x000000001456e000 JavaThread "C1 CompilerThread2" daemon [_thread_blocked, id=712, stack(0x0000000015df0000,0x0000000015ef0000)]
=>0x0000000014562000 JavaThread "C2 CompilerThread1" daemon [_thread_in_native, id=2004, stack(0x0000000015cf0000,0x0000000015df0000)]
  0x000000001455d000 JavaThread "C2 CompilerThread0" daemon [_thread_in_native, id=6484, stack(0x0000000015bf0000,0x0000000015cf0000)]
  0x000000001455b800 JavaThread "Attach Listener" daemon [_thread_blocked, id=4176, stack(0x0000000015af0000,0x0000000015bf0000)]
  0x000000001455a800 JavaThread "Signal Dispatcher" daemon [_thread_blocked, id=3032, stack(0x00000000159f0000,0x0000000015af0000)]
  0x000000000313d000 JavaThread "Finalizer" daemon [_thread_blocked, id=11692, stack(0x00000000157d0000,0x00000000158d0000)]
  0x0000000003132800 JavaThread "Reference Handler" daemon [_thread_blocked, id=7000, stack(0x00000000156d0000,0x00000000157d0000)]
  0x0000000002ece800 JavaThread "main" [_thread_blocked, id=9184, stack(0x0000000002f40000,0x0000000003040000)]

Other Threads:
  0x0000000014527000 VMThread [stack: 0x00000000155d0000,0x00000000156d0000] [id=10900]
  0x0000000015f1c000 WatcherThread [stack: 0x00000000163f0000,0x00000000164f0000] [id=12452]

VM state:not at safepoint (normal execution)

VM Mutex/Monitor currently owned by a thread: None

Heap:
 PSYoungGen      total 129536K, used 54697K [0x00000000f5580000, 0x00000000ffc80000, 0x0000000100000000)
  eden space 96256K, 25% used [0x00000000f5580000,0x00000000f6dd6ba0,0x00000000fb380000)
  from space 33280K, 89% used [0x00000000fd780000,0x00000000ff493b98,0x00000000ff800000)
  to   space 36864K, 0% used [0x00000000fb380000,0x00000000fb380000,0x00000000fd780000)
 ParOldGen       total 122368K, used 62784K [0x00000000e0000000, 0x00000000e7780000, 0x00000000f5580000)
  object space 122368K, 51% used [0x00000000e0000000,0x00000000e3d50388,0x00000000e7780000)
 Metaspace       used 91538K, capacity 95906K, committed 96152K, reserved 1132544K
  class space    used 11600K, capacity 12380K, committed 12464K, reserved 1048576K

Card table byte_map: [0x0000000012500000,0x0000000012610000] byte_map_base: 0x0000000011e00000

Marking Bits: (ParMarkBitMap*) 0x0000000050895aa0
 Begin Bits: [0x0000000012ac0000, 0x00000000132c0000)
 End Bits:   [0x00000000132c0000, 0x0000000013ac0000)

Polling page: 0x0000000002e50000

CodeCache: size=245760Kb used=52825Kb max_used=52841Kb free=192934Kb
 bounds [0x0000000003140000, 0x0000000006520000, 0x0000000012140000]
 total_blobs=16623 nmethods=15742 adapters=792
 compilation: enabled

Compilation events (10 events):
Event: 475.815 Thread 0x000000001456e000 nmethod 19104 0x00000000064c3e10 code [0x00000000064c3f80, 0x00000000064c41e8]
Event: 475.817 Thread 0x000000001455d000 nmethod 19072 0x0000000006501dd0 code [0x0000000006502100, 0x0000000006504610]
Event: 475.818 Thread 0x000000001455d000 19094 %     4       com.google.gson.stream.JsonWriter::string @ 37 (169 bytes)
Event: 475.823 Thread 0x000000001456e000 19105       3       java.security.AccessController::getContext (23 bytes)
Event: 475.823 Thread 0x000000001456e000 nmethod 19105 0x00000000064e0290 code [0x00000000064e0420, 0x00000000064e0798]
Event: 475.823 Thread 0x000000001456e000 19106       3       java.security.AccessControlContext::optimize (318 bytes)
Event: 475.824 Thread 0x000000001456e000 nmethod 19106 0x00000000064f4e50 code [0x00000000064f5180, 0x00000000064f6a88]
Event: 475.893 Thread 0x000000001455d000 nmethod 19094% 0x000000000650db50 code [0x000000000650de20, 0x0000000006512290]
Event: 475.893 Thread 0x000000001455d000 19073       4       com.google.common.collect.AbstractMapBasedMultimap$WrappedCollection::addAll (72 bytes)
Event: 475.931 Thread 0x000000001455d000 nmethod 19073 0x0000000006508a50 code [0x0000000006508d20, 0x000000000650af28]

GC Heap History (10 events):
Event: 187.387 GC heap before
{Heap before GC invocations=23 (full 3):
 PSYoungGen      total 135168K, used 134811K [0x00000000f5580000, 0x0000000100000000, 0x0000000100000000)
  eden space 114176K, 100% used [0x00000000f5580000,0x00000000fc500000,0x00000000fc500000)
  from space 20992K, 98% used [0x00000000fc500000,0x00000000fd926c20,0x00000000fd980000)
  to   space 31232K, 0% used [0x00000000fe180000,0x00000000fe180000,0x0000000100000000)
 ParOldGen       total 122368K, used 62752K [0x00000000e0000000, 0x00000000e7780000, 0x00000000f5580000)
  object space 122368K, 51% used [0x00000000e0000000,0x00000000e3d48388,0x00000000e7780000)
 Metaspace       used 87931K, capacity 91806K, committed 92056K, reserved 1130496K
  class space    used 11135K, capacity 11860K, committed 11952K, reserved 1048576K
Event: 187.404 GC heap after
Heap after GC invocations=23 (full 3):
 PSYoungGen      total 139264K, used 23578K [0x00000000f5580000, 0x0000000100000000, 0x0000000100000000)
  eden space 108032K, 0% used [0x00000000f5580000,0x00000000f5580000,0x00000000fbf00000)
  from space 31232K, 75% used [0x00000000fe180000,0x00000000ff886918,0x0000000100000000)
  to   space 33280K, 0% used [0x00000000fbf00000,0x00000000fbf00000,0x00000000fdf80000)
 ParOldGen       total 122368K, used 62760K [0x00000000e0000000, 0x00000000e7780000, 0x00000000f5580000)
  object space 122368K, 51% used [0x00000000e0000000,0x00000000e3d4a388,0x00000000e7780000)
 Metaspace       used 87931K, capacity 91806K, committed 92056K, reserved 1130496K
  class space    used 11135K, capacity 11860K, committed 11952K, reserved 1048576K
}
Event: 266.150 GC heap before
{Heap before GC invocations=24 (full 3):
 PSYoungGen      total 139264K, used 131610K [0x00000000f5580000, 0x0000000100000000, 0x0000000100000000)
  eden space 108032K, 100% used [0x00000000f5580000,0x00000000fbf00000,0x00000000fbf00000)
  from space 31232K, 75% used [0x00000000fe180000,0x00000000ff886918,0x0000000100000000)
  to   space 33280K, 0% used [0x00000000fbf00000,0x00000000fbf00000,0x00000000fdf80000)
 ParOldGen       total 122368K, used 62760K [0x00000000e0000000, 0x00000000e7780000, 0x00000000f5580000)
  object space 122368K, 51% used [0x00000000e0000000,0x00000000e3d4a388,0x00000000e7780000)
 Metaspace       used 90762K, capacity 94976K, committed 95000K, reserved 1132544K
  class space    used 11569K, capacity 12327K, committed 12336K, reserved 1048576K
Event: 266.162 GC heap after
Heap after GC invocations=24 (full 3):
 PSYoungGen      total 124928K, used 19729K [0x00000000f5580000, 0x00000000ffd00000, 0x0000000100000000)
  eden space 104960K, 0% used [0x00000000f5580000,0x00000000f5580000,0x00000000fbc00000)
  from space 19968K, 98% used [0x00000000fbf00000,0x00000000fd244630,0x00000000fd280000)
  to   space 33280K, 0% used [0x00000000fdc80000,0x00000000fdc80000,0x00000000ffd00000)
 ParOldGen       total 122368K, used 62768K [0x00000000e0000000, 0x00000000e7780000, 0x00000000f5580000)
  object space 122368K, 51% used [0x00000000e0000000,0x00000000e3d4c388,0x00000000e7780000)
 Metaspace       used 90762K, capacity 94976K, committed 95000K, reserved 1132544K
  class space    used 11569K, capacity 12327K, committed 12336K, reserved 1048576K
}
Event: 306.851 GC heap before
{Heap before GC invocations=25 (full 3):
 PSYoungGen      total 124928K, used 124689K [0x00000000f5580000, 0x00000000ffd00000, 0x0000000100000000)
  eden space 104960K, 100% used [0x00000000f5580000,0x00000000fbc00000,0x00000000fbc00000)
  from space 19968K, 98% used [0x00000000fbf00000,0x00000000fd244630,0x00000000fd280000)
  to   space 33280K, 0% used [0x00000000fdc80000,0x00000000fdc80000,0x00000000ffd00000)
 ParOldGen       total 122368K, used 62768K [0x00000000e0000000, 0x00000000e7780000, 0x00000000f5580000)
  object space 122368K, 51% used [0x00000000e0000000,0x00000000e3d4c388,0x00000000e7780000)
 Metaspace       used 91151K, capacity 95374K, committed 95640K, reserved 1132544K
  class space    used 11582K, capacity 12348K, committed 12464K, reserved 1048576K
Event: 306.866 GC heap after
Heap after GC invocations=25 (full 3):
 PSYoungGen      total 133120K, used 19631K [0x00000000f5580000, 0x00000000ffa80000, 0x0000000100000000)
  eden space 102400K, 0% used [0x00000000f5580000,0x00000000f5580000,0x00000000fb980000)
  from space 30720K, 63% used [0x00000000fdc80000,0x00000000fefabf00,0x00000000ffa80000)
  to   space 33280K, 0% used [0x00000000fb980000,0x00000000fb980000,0x00000000fda00000)
 ParOldGen       total 122368K, used 62768K [0x00000000e0000000, 0x00000000e7780000, 0x00000000f5580000)
  object space 122368K, 51% used [0x00000000e0000000,0x00000000e3d4c388,0x00000000e7780000)
 Metaspace       used 91151K, capacity 95374K, committed 95640K, reserved 1132544K
  class space    used 11582K, capacity 12348K, committed 12464K, reserved 1048576K
}
Event: 309.116 GC heap before
{Heap before GC invocations=26 (full 3):
 PSYoungGen      total 133120K, used 122031K [0x00000000f5580000, 0x00000000ffa80000, 0x0000000100000000)
  eden space 102400K, 100% used [0x00000000f5580000,0x00000000fb980000,0x00000000fb980000)
  from space 30720K, 63% used [0x00000000fdc80000,0x00000000fefabf00,0x00000000ffa80000)
  to   space 33280K, 0% used [0x00000000fb980000,0x00000000fb980000,0x00000000fda00000)
 ParOldGen       total 122368K, used 62768K [0x00000000e0000000, 0x00000000e7780000, 0x00000000f5580000)
  object space 122368K, 51% used [0x00000000e0000000,0x00000000e3d4c388,0x00000000e7780000)
 Metaspace       used 91218K, capacity 95452K, committed 95640K, reserved 1132544K
  class space    used 11583K, capacity 12349K, committed 12464K, reserved 1048576K
Event: 309.128 GC heap after
Heap after GC invocations=26 (full 3):
 PSYoungGen      total 121344K, used 21278K [0x00000000f5580000, 0x00000000ff800000, 0x0000000100000000)
  eden space 99840K, 0% used [0x00000000f5580000,0x00000000f5580000,0x00000000fb700000)
  from space 21504K, 98% used [0x00000000fb980000,0x00000000fce47ba8,0x00000000fce80000)
  to   space 33280K, 0% used [0x00000000fd780000,0x00000000fd780000,0x00000000ff800000)
 ParOldGen       total 122368K, used 62776K [0x00000000e0000000, 0x00000000e7780000, 0x00000000f5580000)
  object space 122368K, 51% used [0x00000000e0000000,0x00000000e3d4e388,0x00000000e7780000)
 Metaspace       used 91218K, capacity 95452K, committed 95640K, reserved 1132544K
  class space    used 11583K, capacity 12349K, committed 12464K, reserved 1048576K
}
Event: 475.738 GC heap before
{Heap before GC invocations=27 (full 3):
 PSYoungGen      total 121344K, used 121118K [0x00000000f5580000, 0x00000000ff800000, 0x0000000100000000)
  eden space 99840K, 100% used [0x00000000f5580000,0x00000000fb700000,0x00000000fb700000)
  from space 21504K, 98% used [0x00000000fb980000,0x00000000fce47ba8,0x00000000fce80000)
  to   space 33280K, 0% used [0x00000000fd780000,0x00000000fd780000,0x00000000ff800000)
 ParOldGen       total 122368K, used 62776K [0x00000000e0000000, 0x00000000e7780000, 0x00000000f5580000)
  object space 122368K, 51% used [0x00000000e0000000,0x00000000e3d4e388,0x00000000e7780000)
 Metaspace       used 91523K, capacity 95906K, committed 96152K, reserved 1132544K
  class space    used 11600K, capacity 12380K, committed 12464K, reserved 1048576K
Event: 475.758 GC heap after
Heap after GC invocations=27 (full 3):
 PSYoungGen      total 129536K, used 29774K [0x00000000f5580000, 0x00000000ffc80000, 0x0000000100000000)
  eden space 96256K, 0% used [0x00000000f5580000,0x00000000f5580000,0x00000000fb380000)
  from space 33280K, 89% used [0x00000000fd780000,0x00000000ff493b98,0x00000000ff800000)
  to   space 36864K, 0% used [0x00000000fb380000,0x00000000fb380000,0x00000000fd780000)
 ParOldGen       total 122368K, used 62784K [0x00000000e0000000, 0x00000000e7780000, 0x00000000f5580000)
  object space 122368K, 51% used [0x00000000e0000000,0x00000000e3d50388,0x00000000e7780000)
 Metaspace       used 91523K, capacity 95906K, committed 96152K, reserved 1132544K
  class space    used 11600K, capacity 12380K, committed 12464K, reserved 1048576K
}

Deoptimization events (10 events):
Event: 309.430 Thread 0x0000000018423800 Uncommon trap: reason=array_check action=maybe_recompile pc=0x000000000633fbac method=java.util.LinkedList.toArray([Ljava/lang/Object;)[Ljava/lang/Object; @ 55
Event: 309.430 Thread 0x0000000018423800 Uncommon trap: reason=array_check action=maybe_recompile pc=0x000000000633fbac method=java.util.LinkedList.toArray([Ljava/lang/Object;)[Ljava/lang/Object; @ 55
Event: 309.430 Thread 0x0000000018423800 Uncommon trap: reason=array_check action=maybe_recompile pc=0x000000000633fbac method=java.util.LinkedList.toArray([Ljava/lang/Object;)[Ljava/lang/Object; @ 55
Event: 309.430 Thread 0x0000000018423800 Uncommon trap: reason=array_check action=maybe_recompile pc=0x000000000633fbac method=java.util.LinkedList.toArray([Ljava/lang/Object;)[Ljava/lang/Object; @ 55
Event: 309.524 Thread 0x000000001841e000 Uncommon trap: reason=unstable_if action=reinterpret pc=0x0000000004d6db60 method=java.util.concurrent.locks.AbstractQueuedSynchronizer$ConditionObject.awaitNanos(J)J @ 89
Event: 474.749 Thread 0x000000001841e000 Uncommon trap: reason=class_check action=maybe_recompile pc=0x0000000004d99898 method=java.lang.reflect.Array.newInstance(Ljava/lang/Class;I)Ljava/lang/Object; @ 2
Event: 475.673 Thread 0x000000001841f000 Uncommon trap: reason=class_check action=maybe_recompile pc=0x00000000064af5c0 method=com.sun.org.apache.xerces.internal.dom.NamedNodeMapImpl.getNamedItem(Ljava/lang/String;)Lorg/w3c/dom/Node; @ 28
Event: 475.673 Thread 0x000000001841f000 Uncommon trap: reason=class_check action=maybe_recompile pc=0x00000000064af5c0 method=com.sun.org.apache.xerces.internal.dom.NamedNodeMapImpl.getNamedItem(Ljava/lang/String;)Lorg/w3c/dom/Node; @ 28
Event: 475.673 Thread 0x000000001841f000 Uncommon trap: reason=class_check action=maybe_recompile pc=0x00000000064af5c0 method=com.sun.org.apache.xerces.internal.dom.NamedNodeMapImpl.getNamedItem(Ljava/lang/String;)Lorg/w3c/dom/Node; @ 28
Event: 475.673 Thread 0x000000001841f000 Uncommon trap: reason=class_check action=maybe_recompile pc=0x00000000064af5c0 method=com.sun.org.apache.xerces.internal.dom.NamedNodeMapImpl.getNamedItem(Ljava/lang/String;)Lorg/w3c/dom/Node; @ 28

Classes redefined (0 events):
No events

Internal exceptions (10 events):
Event: 191.042 Thread 0x000000001a8de800 Implicit null exception at 0x0000000003bbd438 to 0x0000000003bbd8c9
Event: 191.044 Thread 0x000000001a8de800 Implicit null exception at 0x0000000003b95746 to 0x0000000003b957f1
Event: 266.146 Thread 0x0000000018423800 Exception <a 'sun/nio/fs/WindowsException'> (0x00000000fbed3b70) thrown at [D:\src\AOSP-openjdk-cygwin\jdk8u\hotspot\src\share\vm\prims\jni.cpp, line 709]
Event: 266.148 Thread 0x0000000018423800 Exception <a 'sun/nio/fs/WindowsException'> (0x00000000fbee0708) thrown at [D:\src\AOSP-openjdk-cygwin\jdk8u\hotspot\src\share\vm\prims\jni.cpp, line 709]
Event: 306.683 Thread 0x0000000018423800 Exception <a 'sun/nio/fs/WindowsException'> (0x00000000fad76db8) thrown at [D:\src\AOSP-openjdk-cygwin\jdk8u\hotspot\src\share\vm\prims\jni.cpp, line 709]
Event: 306.686 Thread 0x0000000018423800 Exception <a 'sun/nio/fs/WindowsException'> (0x00000000fad83890) thrown at [D:\src\AOSP-openjdk-cygwin\jdk8u\hotspot\src\share\vm\prims\jni.cpp, line 709]
Event: 474.923 Thread 0x000000001841f000 Exception <a 'sun/nio/fs/WindowsException'> (0x00000000f7c6e2a8) thrown at [D:\src\AOSP-openjdk-cygwin\jdk8u\hotspot\src\share\vm\prims\jni.cpp, line 709]
Event: 474.927 Thread 0x000000001841f000 Exception <a 'sun/nio/fs/WindowsException'> (0x00000000f7c7ae68) thrown at [D:\src\AOSP-openjdk-cygwin\jdk8u\hotspot\src\share\vm\prims\jni.cpp, line 709]
Event: 475.934 Thread 0x000000001841f000 Exception <a 'java/io/IOException'> (0x00000000f6b311a0) thrown at [D:\src\AOSP-openjdk-cygwin\jdk8u\hotspot\src\share\vm\prims\jni.cpp, line 709]
Event: 475.935 Thread 0x000000001841f000 Exception <a 'java/lang/reflect/InvocationTargetException'> (0x00000000f6b3c6c0) thrown at [D:\src\AOSP-openjdk-cygwin\jdk8u\hotspot\src\share\vm\runtime\reflection.cpp, line 1092]

Events (10 events):
Event: 475.933 Executing VM operation: RevokeBias done
Event: 475.933 Executing VM operation: RevokeBias
Event: 475.933 Executing VM operation: RevokeBias done
Event: 475.933 Thread 0x000000001686d000 Thread exited: 0x000000001686d000
Event: 475.933 Thread 0x000000001686f800 Thread exited: 0x000000001686f800
Event: 475.934 Executing VM operation: RevokeBias
Event: 475.934 Executing VM operation: RevokeBias done
Event: 475.934 Thread 0x000000001686e800 Thread exited: 0x000000001686e800
Event: 475.934 loading class com/android/ide/common/workers/WorkerExecutorException$Companion
Event: 475.934 loading class com/android/ide/common/workers/WorkerExecutorException$Companion done


Dynamic libraries:
0x00007ff74a3c0000 - 0x00007ff74a3f1000 	C:\Program Files\Android\Android Studio\jre\bin\java.exe
0x00007ffbc9750000 - 0x00007ffbc993d000 	C:\WINDOWS\SYSTEM32\ntdll.dll
0x00007ffbc8950000 - 0x00007ffbc8a03000 	C:\WINDOWS\System32\KERNEL32.DLL
0x00007ffbc50b0000 - 0x00007ffbc5343000 	C:\WINDOWS\System32\KERNELBASE.dll
0x00007ffbc6da0000 - 0x00007ffbc6e43000 	C:\WINDOWS\System32\ADVAPI32.dll
0x00007ffbc8d80000 - 0x00007ffbc8e1e000 	C:\WINDOWS\System32\msvcrt.dll
0x00007ffbc6530000 - 0x00007ffbc65ce000 	C:\WINDOWS\System32\sechost.dll
0x00007ffbc8f30000 - 0x00007ffbc9052000 	C:\WINDOWS\System32\RPCRT4.dll
0x00007ffbc8420000 - 0x00007ffbc85b7000 	C:\WINDOWS\System32\USER32.dll
0x00007ffbc5040000 - 0x00007ffbc5060000 	C:\WINDOWS\System32\win32u.dll
0x00007ffbc8e50000 - 0x00007ffbc8e79000 	C:\WINDOWS\System32\GDI32.dll
0x00007ffbc4e80000 - 0x00007ffbc5019000 	C:\WINDOWS\System32\gdi32full.dll
0x00007ffbc5f40000 - 0x00007ffbc5fe0000 	C:\WINDOWS\System32\msvcp_win.dll
0x00007ffbc5b50000 - 0x00007ffbc5c4a000 	C:\WINDOWS\System32\ucrtbase.dll
0x00007ffbb7760000 - 0x00007ffbb79d9000 	C:\WINDOWS\WinSxS\amd64_microsoft.windows.common-controls_6595b64144ccf1df_6.0.17763.615_none_05b4414a072024d4\COMCTL32.dll
0x00007ffbc85c0000 - 0x00007ffbc88ec000 	C:\WINDOWS\System32\combase.dll
0x00007ffbc5ad0000 - 0x00007ffbc5b4e000 	C:\WINDOWS\System32\bcryptPrimitives.dll
0x00007ffbc8e80000 - 0x00007ffbc8eae000 	C:\WINDOWS\System32\IMM32.DLL
0x0000000050fb0000 - 0x0000000051082000 	C:\Program Files\Android\Android Studio\jre\jre\bin\msvcr100.dll
0x00000000500d0000 - 0x0000000050911000 	C:\Program Files\Android\Android Studio\jre\jre\bin\server\jvm.dll
0x00007ffbc9060000 - 0x00007ffbc9068000 	C:\WINDOWS\System32\PSAPI.DLL
0x00007ffbc1c70000 - 0x00007ffbc1c79000 	C:\WINDOWS\SYSTEM32\WSOCK32.dll
0x00007ffbc1170000 - 0x00007ffbc117a000 	C:\WINDOWS\SYSTEM32\VERSION.dll
0x00007ffbc65d0000 - 0x00007ffbc663d000 	C:\WINDOWS\System32\WS2_32.dll
0x00007ffbba0d0000 - 0x00007ffbba0f4000 	C:\WINDOWS\SYSTEM32\WINMM.dll
0x00007ffbb94a0000 - 0x00007ffbb94cd000 	C:\WINDOWS\SYSTEM32\WINMMBASE.dll
0x00007ffbc5060000 - 0x00007ffbc50aa000 	C:\WINDOWS\System32\cfgmgr32.dll
0x00007ffbc0d30000 - 0x00007ffbc0d3f000 	C:\Program Files\Android\Android Studio\jre\jre\bin\verify.dll
0x00007ffbb74b0000 - 0x00007ffbb74d9000 	C:\Program Files\Android\Android Studio\jre\jre\bin\java.dll
0x00007ffbb34f0000 - 0x00007ffbb3506000 	C:\Program Files\Android\Android Studio\jre\jre\bin\zip.dll
0x00007ffbc6ed0000 - 0x00007ffbc83c0000 	C:\WINDOWS\System32\SHELL32.dll
0x00007ffbc9250000 - 0x00007ffbc92f8000 	C:\WINDOWS\System32\shcore.dll
0x00007ffbc5350000 - 0x00007ffbc5a9a000 	C:\WINDOWS\System32\windows.storage.dll
0x00007ffbc4dd0000 - 0x00007ffbc4df4000 	C:\WINDOWS\System32\profapi.dll
0x00007ffbc4e00000 - 0x00007ffbc4e5d000 	C:\WINDOWS\System32\powrprof.dll
0x00007ffbc8cc0000 - 0x00007ffbc8d12000 	C:\WINDOWS\System32\shlwapi.dll
0x00007ffbc4db0000 - 0x00007ffbc4dc1000 	C:\WINDOWS\System32\kernel.appcore.dll
0x00007ffbc5020000 - 0x00007ffbc5037000 	C:\WINDOWS\System32\cryptsp.dll
0x00007ffbb33b0000 - 0x00007ffbb33ca000 	C:\Program Files\Android\Android Studio\jre\jre\bin\net.dll
0x00007ffbc45c0000 - 0x00007ffbc4627000 	C:\WINDOWS\system32\mswsock.dll
0x00007ffbaf760000 - 0x00007ffbaf771000 	C:\Program Files\Android\Android Studio\jre\jre\bin\nio.dll
0x00007ffbbcef0000 - 0x00007ffbbcf0e000 	C:\Users\desarrollo1\.gradle\native\25\windows-amd64\native-platform.dll
0x00007ffbbcd10000 - 0x00007ffbbcd1d000 	C:\Program Files\Android\Android Studio\jre\jre\bin\management.dll
0x00007ffbc4180000 - 0x00007ffbc41b3000 	C:\WINDOWS\system32\rsaenh.dll
0x00007ffbc5aa0000 - 0x00007ffbc5ac6000 	C:\WINDOWS\System32\bcrypt.dll
0x00007ffbc4cb0000 - 0x00007ffbc4cd8000 	C:\WINDOWS\SYSTEM32\USERENV.dll
0x00007ffbc4790000 - 0x00007ffbc479c000 	C:\WINDOWS\SYSTEM32\CRYPTBASE.dll
0x00007ffbc4320000 - 0x00007ffbc435d000 	C:\WINDOWS\SYSTEM32\IPHLPAPI.DLL
0x00007ffbc67f0000 - 0x00007ffbc67f8000 	C:\WINDOWS\System32\NSI.dll
0x00007ffbc1340000 - 0x00007ffbc1356000 	C:\WINDOWS\SYSTEM32\dhcpcsvc6.DLL
0x00007ffbc1320000 - 0x00007ffbc133c000 	C:\WINDOWS\SYSTEM32\dhcpcsvc.DLL
0x00007ffbc4360000 - 0x00007ffbc4426000 	C:\WINDOWS\SYSTEM32\DNSAPI.dll

VM Arguments:
jvm_args: -XX:MaxMetaspaceSize=256m -XX:+HeapDumpOnOutOfMemoryError -Xmx512m -Dfile.encoding=windows-1252 -Duser.country=PE -Duser.language=es -Duser.variant 
java_command: org.gradle.launcher.daemon.bootstrap.GradleDaemon 5.1.1
java_class_path (initial): C:\Users\desarrollo1\.gradle\wrapper\dists\gradle-5.1.1-all\97z1ksx6lirer3kbvdnh7jtjg\gradle-5.1.1\lib\gradle-launcher-5.1.1.jar
Launcher Type: SUN_STANDARD

Environment Variables:
PATH=C:\Program Files (x86)\Common Files\Oracle\Java\javapath;C:\WINDOWS\system32;C:\WINDOWS;C:\WINDOWS\System32\Wbem;C:\WINDOWS\System32\WindowsPowerShell\v1.0\;C:\Program Files (x86)\Microsoft SQL Server\100\Tools\Binn\;C:\Program Files\Microsoft SQL Server\100\Tools\Binn\;C:\Program Files\Microsoft SQL Server\100\DTS\Binn\;C:\Program Files (x86)\Microsoft SQL Server\100\Tools\Binn\VSShell\Common7\IDE\;C:\Program Files (x86)\Microsoft Visual Studio 9.0\Common7\IDE\PrivateAssemblies\;C:\Program Files (x86)\Microsoft SQL Server\100\DTS\Binn\;C:\WINDOWS\System32\OpenSSH\;C:\Program Files\TortoiseSVN\bin;C:\Program Files (x86)\VisualSVN\bin;C:\Program Files\dotnet\;C:\Program Files\Microsoft SQL Server\130\Tools\Binn\;C:\Users\desarrollo1\AppData\Local\Microsoft\WindowsApps;C:\Users\desarrollo1\.dotnet\tools
USERNAME=desarrollo1
OS=Windows_NT
PROCESSOR_IDENTIFIER=Intel64 Family 6 Model 158 Stepping 9, GenuineIntel



---------------  S Y S T E M  ---------------

OS: Windows 10.0 , 64 bit Build 17763 (10.0.17763.475)

CPU:total 4 (initial active 4) (4 cores per cpu, 1 threads per core) family 6 model 158 stepping 9, cmov, cx8, fxsr, mmx, sse, sse2, sse3, ssse3, sse4.1, sse4.2, popcnt, avx, avx2, aes, clmul, erms, 3dnowpref, lzcnt, tsc, tscinvbit, bmi1, bmi2, adx

Memory: 4k page, physical 8272592k(690984k free), swap 8272592k(6508k free)

vm_info: OpenJDK 64-Bit Server VM (25.152-b01) for windows-amd64 JRE (1.8.0_152-release-1343-b01), built by "builder" with MS VC++ 10.0 (VS2010)

time: Thu Jul 18 08:56:23 2019
elapsed time: 475 seconds (0d 0h 7m 55s)

